#
# A fatal error has been detected by the Java Runtime Environment:
#
#  EXCEPTION_STACK_OVERFLOW (0xc00000fd) at pc=0x6d99c2d3, pid=5340, tid=7980
#
# JRE version: 6.0_14-b08
# Java VM: Java HotSpot(TM) Client VM (14.0-b16 mixed mode windows-x86 )
# Problematic frame:
# V  [jvm.dll+0xec2d3]
#
# If you would like to submit a bug report, please visit:
#   http://java.sun.com/webapps/bugreport/crash.jsp
#

---------------  T H R E A D  ---------------

Current thread (0x0407ec00):  JavaThread "com.google.inject.internal.util.$Finalizer" daemon [_thread_in_vm, id=7980, stack(0x045d0000,0x04620000)]

siginfo: ExceptionCode=0xc00000fd, ExceptionInformation=0x00000001 0x0461db10 

Registers:
EAX=0x00002000, EBX=0x01bc0598, ECX=0x0461db10, EDX=0x045d6038
ESP=0x0461fb1c, EBP=0x0461fb78, ESI=0x00000002, EDI=0x0461fb10
EIP=0x6d99c2d3, EFLAGS=0x00010202

Top of Stack: (sp=0x0461fb1c)
0x0461fb1c:   01bc05a8 0407ec00 6d99ca71 01bc0598
0x0461fb2c:   0407ec00 26a12458 26a10228 0461fb78
0x0461fb3c:   6d9ffd6a 01bc059c 01bc05a0 01bc05a4
0x0461fb4c:   01bc05a8 00000005 0407ec00 01bc059c
0x0461fb5c:   0407ec00 26a12458 04208fc8 0461fc04
0x0461fb6c:   0461fcf0 0000000a 01bc0598 0461fbbc
0x0461fb7c:   6da23d61 0461fce8 0061fc14 0461fc18
0x0461fb8c:   01c291a0 01bc0598 0407ec00 26a12458 

Instructions: (pc=0x6d99c2d3)
0x6d99c2c3:   3b c6 7c 1c e8 e4 45 08 00 0f af c6 8b cf 2b c8
0x6d99c2d3:   c7 01 00 00 00 00 a1 88 1c af 6d 46 3b f0 7e e4 


Stack: [0x045d0000,0x04620000],  sp=0x0461fb1c,  free space=318k
Native frames: (J=compiled Java code, j=interpreted, Vv=VM code, C=native code)
V  [jvm.dll+0xec2d3]
V  [jvm.dll+0x173d61]
V  [jvm.dll+0xecc87]
V  [jvm.dll+0xeccfd]
V  [jvm.dll+0x115d60]
V  [jvm.dll+0x1cfd44]
V  [jvm.dll+0x1739dc]
C  [msvcr71.dll+0x9565]
C  [kernel32.dll+0x51114]
C  [ntdll.dll+0x5b429]
C  [ntdll.dll+0x5b3fc]


---------------  P R O C E S S  ---------------

Java Threads: ( => current thread )
=>0x0407ec00 JavaThread "com.google.inject.internal.util.$Finalizer" daemon [_thread_in_vm, id=7980, stack(0x045d0000,0x04620000)]
  0x01bef400 JavaThread "Low Memory Detector" daemon [_thread_blocked, id=6568, stack(0x03f30000,0x03f80000)]
  0x01beb800 JavaThread "CompilerThread0" daemon [_thread_blocked, id=7876, stack(0x03ee0000,0x03f30000)]
  0x01bc1800 JavaThread "Attach Listener" daemon [_thread_blocked, id=4832, stack(0x03e90000,0x03ee0000)]
  0x01bb8c00 JavaThread "Signal Dispatcher" daemon [_thread_blocked, id=6952, stack(0x03e40000,0x03e90000)]
  0x01baf000 JavaThread "Finalizer" daemon [_thread_blocked, id=7896, stack(0x00d90000,0x00de0000)]
  0x01baa400 JavaThread "Reference Handler" daemon [_thread_blocked, id=4292, stack(0x00d40000,0x00d90000)]
  0x00e19c00 JavaThread "main" [_thread_in_native, id=7388, stack(0x00190000,0x001e0000)]

Other Threads:
  0x01ba5800 VMThread [stack: 0x00500000,0x00550000] [id=2668]
  0x01bf8400 WatcherThread [stack: 0x03f80000,0x03fd0000] [id=7684]

VM state:not at safepoint (normal execution)

VM Mutex/Monitor currently owned by a thread: None

Heap
 def new generation   total 18176K, used 6998K [0x069e0000, 0x07d90000, 0x09140000)
  eden space 16192K,  43% used [0x069e0000, 0x070b5888, 0x079b0000)
  from space 1984K,   0% used [0x079b0000, 0x079b0000, 0x07ba0000)
  to   space 1984K,   0% used [0x07ba0000, 0x07ba0000, 0x07d90000)
 tenured generation   total 241984K, used 0K [0x09140000, 0x17d90000, 0x269e0000)
   the space 241984K,   0% used [0x09140000, 0x09140000, 0x09140200, 0x17d90000)
 compacting perm gen  total 12288K, used 4645K [0x269e0000, 0x275e0000, 0x2a9e0000)
   the space 12288K,  37% used [0x269e0000, 0x26e69608, 0x26e69800, 0x275e0000)
No shared spaces configured.

Dynamic libraries:
0x00400000 - 0x00424000 	D:\program\jdk1.6\bin\java.exe
0x77360000 - 0x7749d000 	C:\Windows\SYSTEM32\ntdll.dll
0x76e40000 - 0x76f14000 	C:\Windows\system32\kernel32.dll
0x75710000 - 0x7575a000 	C:\Windows\system32\KERNELBASE.dll
0x75bf0000 - 0x75c90000 	C:\Windows\system32\ADVAPI32.dll
0x76d90000 - 0x76e3c000 	C:\Windows\system32\msvcrt.dll
0x75ed0000 - 0x75ee9000 	C:\Windows\SYSTEM32\sechost.dll
0x75f40000 - 0x75fe1000 	C:\Windows\system32\RPCRT4.dll
0x7c340000 - 0x7c396000 	D:\program\jdk1.6\jre\bin\msvcr71.dll
0x6d8b0000 - 0x6db3b000 	D:\program\jdk1.6\jre\bin\client\jvm.dll
0x774c0000 - 0x77589000 	C:\Windows\system32\USER32.dll
0x75ff0000 - 0x7603e000 	C:\Windows\system32\GDI32.dll
0x75be0000 - 0x75bea000 	C:\Windows\system32\LPK.dll
0x757b0000 - 0x7584d000 	C:\Windows\system32\USP10.dll
0x72f20000 - 0x72f52000 	C:\Windows\system32\WINMM.dll
0x75dd0000 - 0x75def000 	C:\Windows\system32\IMM32.DLL
0x77290000 - 0x7735c000 	C:\Windows\system32\MSCTF.dll
0x753e0000 - 0x7542b000 	C:\Windows\system32\apphelp.dll
0x6d860000 - 0x6d86c000 	D:\program\jdk1.6\jre\bin\verify.dll
0x6d3e0000 - 0x6d3ff000 	D:\program\jdk1.6\jre\bin\java.dll
0x6d340000 - 0x6d348000 	D:\program\jdk1.6\jre\bin\hpi.dll
0x774a0000 - 0x774a5000 	C:\Windows\system32\PSAPI.DLL
0x6d8a0000 - 0x6d8af000 	D:\program\jdk1.6\jre\bin\zip.dll

VM Arguments:
jvm_args: -Xms256m -Xmx512m -Dfile.encoding=UTF-8 -Dclassworlds.conf=D:\program\apache-maven-3.0.3\bin\..\bin\m2.conf -Dmaven.home=D:\program\apache-maven-3.0.3\bin\.. 
java_command: org.codehaus.plexus.classworlds.launcher.Launcher -Dnetbeans.deploy=true -Dnetbeans.deploy.clientUrlPart=/ package
Launcher Type: SUN_STANDARD

Environment Variables:
JAVA_HOME=D:\program\jdk1.6
CLASSPATH=.;D:\program\jdk1.6\lib\dt.jar;D:\program\jdk1.6\lib\tools.jar;
PATH=C:\Windows\system32;C:\Windows;C:\Windows\System32\Wbem;C:\Windows\System32\WindowsPowerShell\v1.0\;C:\Program Files\Intel\WiFi\bin\;C:\Program Files\Common Files\Intel\WirelessCommon\;C:\Program Files\ThinkPad\Bluetooth Software\;C:\Program Files\Broadcom\WHL\;C:\Program Files\ATI Technologies\ATI.ACE\Core-Static;C:\Program Files\Windows7Master;C:\Program Files\Common Files\Thunder Network\KanKan\Codecs;C:\Program Files\T58KTV\9158VirtualCamera\Package\bpl;C:\Program Files\T58KTV\9158VirtualCamera\bin;C:\Program Files\Symantec\pcAnywhere\;C:\Program Files\Common Files\GTK\2.0\bin;D:\program\apache-maven-3.0.3\bin,C:\Users\Kang.Cunhua\Desktop\UltraEdit\
USERNAME=Kang.Cunhua
OS=Windows_NT
PROCESSOR_IDENTIFIER=x86 Family 6 Model 23 Stepping 10, GenuineIntel



---------------  S Y S T E M  ---------------

OS: Windows 7 Build 7600 

CPU:total 2 (2 cores per cpu, 1 threads per core) family 6 model 23 stepping 10, cmov, cx8, fxsr, mmx, sse, sse2, sse3, ssse3, sse4.1

Memory: 4k page, physical 2097151k(745572k free), swap 4086076k(5048k free)

vm_info: Java HotSpot(TM) Client VM (14.0-b16) for windows-x86 JRE (1.6.0_14-b08), built on May 21 2009 08:03:56 by "java_re" with MS VC++ 7.1

time: Tue Oct 11 15:15:40 2011
elapsed time: 1 seconds

